<?xml version="1.0" encoding="UTF-8"?>
<coverage generated="1623576328020" clover="3.2.0">
  <project timestamp="1623576328020" name="All files">
    <metrics statements="23" coveredstatements="18" conditionals="31" coveredconditionals="22" methods="11" coveredmethods="7" elements="65" coveredelements="47" complexity="0" loc="23" ncloc="23" packages="2" files="4" classes="4"/>
    <package name="common.components.Button">
      <metrics statements="3" coveredstatements="3" conditionals="5" coveredconditionals="4" methods="2" coveredmethods="2"/>
      <file name="index.js" path="/Users/nagarro/Desktop/reactMediumClone/src/js/common/components/Button/index.js">
        <metrics statements="2" coveredstatements="2" conditionals="5" coveredconditionals="4" methods="1" coveredmethods="1"/>
        <line num="7" count="1" type="cond" truecount="1" falsecount="0"/>
        <line num="8" count="10" type="stmt"/>
      </file>
      <file name="style.js" path="/Users/nagarro/Desktop/reactMediumClone/src/js/common/components/Button/style.js">
        <metrics statements="1" coveredstatements="1" conditionals="0" coveredconditionals="0" methods="1" coveredmethods="1"/>
        <line num="1" count="1" type="stmt"/>
      </file>
    </package>
    <package name="components.Header">
      <metrics statements="20" coveredstatements="15" conditionals="26" coveredconditionals="18" methods="9" coveredmethods="5"/>
      <file name="index.js" path="/Users/nagarro/Desktop/reactMediumClone/src/js/components/Header/index.js">
        <metrics statements="19" coveredstatements="14" conditionals="26" coveredconditionals="18" methods="8" coveredmethods="4"/>
        <line num="15" count="1" type="stmt"/>
        <line num="17" count="1" type="stmt"/>
        <line num="18" count="2" type="stmt"/>
        <line num="19" count="2" type="stmt"/>
        <line num="22" count="2" type="stmt"/>
        <line num="25" count="1" type="stmt"/>
        <line num="26" count="1" type="cond" truecount="1" falsecount="1"/>
        <line num="27" count="1" type="stmt"/>
        <line num="29" count="0" type="stmt"/>
        <line num="32" count="1" type="stmt"/>
        <line num="33" count="1" type="stmt"/>
        <line num="34" count="1" type="stmt"/>
        <line num="35" count="0" type="stmt"/>
        <line num="40" count="2" type="stmt"/>
        <line num="49" count="0" type="cond" truecount="2" falsecount="0"/>
        <line num="57" count="0" type="cond" truecount="2" falsecount="0"/>
        <line num="61" count="0" type="stmt"/>
        <line num="75" count="1" type="stmt"/>
        <line num="76" count="1" type="stmt"/>
      </file>
      <file name="style.js" path="/Users/nagarro/Desktop/reactMediumClone/src/js/components/Header/style.js">
        <metrics statements="1" coveredstatements="1" conditionals="0" coveredconditionals="0" methods="1" coveredmethods="1"/>
        <line num="1" count="1" type="stmt"/>
      </file>
    </package>
  </project>
</coverage>
