{"/Users/nagarro/Desktop/reactMediumClone/src/js/common/components/Button/index.js": {"path":"/Users/nagarro/Desktop/reactMediumClone/src/js/common/components/Button/index.js","statementMap":{"0":{"start":{"line":7,"column":15},"end":{"line":16,"column":1}},"1":{"start":{"line":8,"column":2},"end":{"line":14,"column":3}}},"fnMap":{"0":{"name":"(anonymous_0)","decl":{"start":{"line":7,"column":15},"end":{"line":7,"column":16}},"loc":{"start":{"line":7,"column":84},"end":{"line":16,"column":1}},"line":7}},"branchMap":{"0":{"loc":{"start":{"line":7,"column":47},"end":{"line":7,"column":64}},"type":"default-arg","locations":[{"start":{"line":7,"column":55},"end":{"line":7,"column":64}}],"line":7},"1":{"loc":{"start":{"line":9,"column":6},"end":{"line":13,"column":31}},"type":"cond-expr","locations":[{"start":{"line":9,"column":18},"end":{"line":13,"column":24}},{"start":{"line":13,"column":27},"end":{"line":13,"column":31}}],"line":9},"2":{"loc":{"start":{"line":12,"column":11},"end":{"line":12,"column":50}},"type":"binary-expr","locations":[{"start":{"line":12,"column":11},"end":{"line":12,"column":15}},{"start":{"line":12,"column":19},"end":{"line":12,"column":50}}],"line":12}},"s":{"0":1,"1":5},"f":{"0":5},"b":{"0":[5],"1":[5,0],"2":[5,5]},"_coverageSchema":"1a1c01bbd47fc00a2c39e90264f33305004495a9","hash":"1ba01497604aeaec0e230a61d828d1bd17201e62"}
,"/Users/nagarro/Desktop/reactMediumClone/src/js/common/components/Button/style.js": {"path":"/Users/nagarro/Desktop/reactMediumClone/src/js/common/components/Button/style.js","statementMap":{"0":{"start":{"line":1,"column":14},"end":{"line":29,"column":2}},"1":{"start":{"line":1,"column":21},"end":{"line":29,"column":1}}},"fnMap":{"0":{"name":"(anonymous_0)","decl":{"start":{"line":1,"column":14},"end":{"line":1,"column":15}},"loc":{"start":{"line":1,"column":21},"end":{"line":29,"column":1}},"line":1}},"branchMap":{},"s":{"0":1,"1":1},"f":{"0":1},"b":{},"_coverageSchema":"1a1c01bbd47fc00a2c39e90264f33305004495a9","hash":"a1792ba8554379ba32b93300636636bb5d3054ab"}
,"/Users/nagarro/Desktop/reactMediumClone/src/js/components/Header/index.js": {"path":"/Users/nagarro/Desktop/reactMediumClone/src/js/components/Header/index.js","statementMap":{"0":{"start":{"line":15,"column":21},"end":{"line":15,"column":24}},"1":{"start":{"line":17,"column":15},"end":{"line":74,"column":1}},"2":{"start":{"line":18,"column":34},"end":{"line":18,"column":49}},"3":{"start":{"line":19,"column":37},"end":{"line":19,"column":52}},"4":{"start":{"line":22,"column":0},"end":{"line":37,"column":12}},"5":{"start":{"line":25,"column":18},"end":{"line":25,"column":37}},"6":{"start":{"line":26,"column":4},"end":{"line":30,"column":5}},"7":{"start":{"line":27,"column":6},"end":{"line":27,"column":28}},"8":{"start":{"line":29,"column":6},"end":{"line":29,"column":29}},"9":{"start":{"line":32,"column":2},"end":{"line":32,"column":17}},"10":{"start":{"line":33,"column":2},"end":{"line":33,"column":50}},"11":{"start":{"line":34,"column":2},"end":{"line":35,"column":56}},"12":{"start":{"line":35,"column":4},"end":{"line":35,"column":54}},"13":{"start":{"line":40,"column":2},"end":{"line":73,"column":3}},"14":{"start":{"line":49,"column":84},"end":{"line":49,"column":106}},"15":{"start":{"line":57,"column":65},"end":{"line":57,"column":87}},"16":{"start":{"line":61,"column":30},"end":{"line":61,"column":52}},"17":{"start":{"line":75,"column":24},"end":{"line":80,"column":1}},"18":{"start":{"line":76,"column":2},"end":{"line":79,"column":3}}},"fnMap":{"0":{"name":"(anonymous_0)","decl":{"start":{"line":17,"column":15},"end":{"line":17,"column":16}},"loc":{"start":{"line":17,"column":59},"end":{"line":74,"column":1}},"line":17},"1":{"name":"(anonymous_1)","decl":{"start":{"line":22,"column":10},"end":{"line":22,"column":11}},"loc":{"start":{"line":22,"column":16},"end":{"line":37,"column":1}},"line":22},"2":{"name":"handleResize","decl":{"start":{"line":24,"column":11},"end":{"line":24,"column":23}},"loc":{"start":{"line":24,"column":26},"end":{"line":31,"column":3}},"line":24},"3":{"name":"(anonymous_3)","decl":{"start":{"line":34,"column":9},"end":{"line":34,"column":10}},"loc":{"start":{"line":34,"column":15},"end":{"line":35,"column":56}},"line":34},"4":{"name":"(anonymous_4)","decl":{"start":{"line":49,"column":79},"end":{"line":49,"column":80}},"loc":{"start":{"line":49,"column":84},"end":{"line":49,"column":106}},"line":49},"5":{"name":"(anonymous_5)","decl":{"start":{"line":57,"column":60},"end":{"line":57,"column":61}},"loc":{"start":{"line":57,"column":65},"end":{"line":57,"column":87}},"line":57},"6":{"name":"(anonymous_6)","decl":{"start":{"line":61,"column":25},"end":{"line":61,"column":26}},"loc":{"start":{"line":61,"column":30},"end":{"line":61,"column":52}},"line":61},"7":{"name":"(anonymous_7)","decl":{"start":{"line":75,"column":24},"end":{"line":75,"column":25}},"loc":{"start":{"line":75,"column":35},"end":{"line":80,"column":1}},"line":75}},"branchMap":{"0":{"loc":{"start":{"line":26,"column":4},"end":{"line":30,"column":5}},"type":"if","locations":[{"start":{"line":26,"column":4},"end":{"line":30,"column":5}},{"start":{"line":26,"column":4},"end":{"line":30,"column":5}}],"line":26},"1":{"loc":{"start":{"line":49,"column":11},"end":{"line":51,"column":16}},"type":"binary-expr","locations":[{"start":{"line":49,"column":11},"end":{"line":49,"column":19}},{"start":{"line":49,"column":23},"end":{"line":51,"column":16}}],"line":49},"2":{"loc":{"start":{"line":55,"column":26},"end":{"line":55,"column":82}},"type":"cond-expr","locations":[{"start":{"line":55,"column":38},"end":{"line":55,"column":58}},{"start":{"line":55,"column":61},"end":{"line":55,"column":82}}],"line":55},"3":{"loc":{"start":{"line":55,"column":88},"end":{"line":55,"column":117}},"type":"cond-expr","locations":[{"start":{"line":55,"column":98},"end":{"line":55,"column":112}},{"start":{"line":55,"column":115},"end":{"line":55,"column":117}}],"line":55},"4":{"loc":{"start":{"line":57,"column":8},"end":{"line":59,"column":14}},"type":"binary-expr","locations":[{"start":{"line":57,"column":8},"end":{"line":57,"column":16}},{"start":{"line":57,"column":20},"end":{"line":59,"column":14}}],"line":57},"5":{"loc":{"start":{"line":63,"column":15},"end":{"line":63,"column":138}},"type":"binary-expr","locations":[{"start":{"line":63,"column":15},"end":{"line":63,"column":25}},{"start":{"line":63,"column":29},"end":{"line":63,"column":138}}],"line":63},"6":{"loc":{"start":{"line":64,"column":15},"end":{"line":64,"column":135}},"type":"binary-expr","locations":[{"start":{"line":64,"column":15},"end":{"line":64,"column":25}},{"start":{"line":64,"column":29},"end":{"line":64,"column":135}}],"line":64},"7":{"loc":{"start":{"line":65,"column":15},"end":{"line":65,"column":140}},"type":"binary-expr","locations":[{"start":{"line":65,"column":15},"end":{"line":65,"column":27}},{"start":{"line":65,"column":31},"end":{"line":65,"column":140}}],"line":65},"8":{"loc":{"start":{"line":66,"column":15},"end":{"line":66,"column":184}},"type":"binary-expr","locations":[{"start":{"line":66,"column":15},"end":{"line":66,"column":25}},{"start":{"line":66,"column":29},"end":{"line":66,"column":184}}],"line":66},"9":{"loc":{"start":{"line":77,"column":16},"end":{"line":77,"column":65}},"type":"binary-expr","locations":[{"start":{"line":77,"column":16},"end":{"line":77,"column":34}},{"start":{"line":77,"column":39},"end":{"line":77,"column":65}}],"line":77},"10":{"loc":{"start":{"line":78,"column":15},"end":{"line":78,"column":125}},"type":"binary-expr","locations":[{"start":{"line":78,"column":16},"end":{"line":78,"column":70}},{"start":{"line":78,"column":76},"end":{"line":78,"column":124}}],"line":78},"11":{"loc":{"start":{"line":78,"column":16},"end":{"line":78,"column":70}},"type":"cond-expr","locations":[{"start":{"line":78,"column":37},"end":{"line":78,"column":64}},{"start":{"line":78,"column":66},"end":{"line":78,"column":70}}],"line":78},"12":{"loc":{"start":{"line":78,"column":76},"end":{"line":78,"column":124}},"type":"cond-expr","locations":[{"start":{"line":78,"column":94},"end":{"line":78,"column":118}},{"start":{"line":78,"column":120},"end":{"line":78,"column":124}}],"line":78}},"s":{"0":1,"1":1,"2":1,"3":1,"4":1,"5":0,"6":0,"7":0,"8":0,"9":0,"10":0,"11":0,"12":0,"13":1,"14":0,"15":0,"16":0,"17":1,"18":1},"f":{"0":1,"1":0,"2":0,"3":0,"4":0,"5":0,"6":0,"7":1},"b":{"0":[0,0],"1":[1,0],"2":[0,1],"3":[0,1],"4":[1,0],"5":[1,1],"6":[1,1],"7":[1,0],"8":[1,1],"9":[1,0],"10":[1,0],"11":[1,0],"12":[0,0]},"_coverageSchema":"1a1c01bbd47fc00a2c39e90264f33305004495a9","hash":"e206798133689de43398c74549aa2bbb73d5c103"}
,"/Users/nagarro/Desktop/reactMediumClone/src/js/components/Header/style.js": {"path":"/Users/nagarro/Desktop/reactMediumClone/src/js/components/Header/style.js","statementMap":{"0":{"start":{"line":1,"column":14},"end":{"line":103,"column":2}},"1":{"start":{"line":1,"column":21},"end":{"line":103,"column":1}}},"fnMap":{"0":{"name":"(anonymous_0)","decl":{"start":{"line":1,"column":14},"end":{"line":1,"column":15}},"loc":{"start":{"line":1,"column":21},"end":{"line":103,"column":1}},"line":1}},"branchMap":{},"s":{"0":1,"1":1},"f":{"0":1},"b":{},"_coverageSchema":"1a1c01bbd47fc00a2c39e90264f33305004495a9","hash":"46011d6ae21b0b2edf6a628254561ec22dbff99f"}
}
