TN:
SF:src/js/common/components/Button/index.js
FN:7,(anonymous_0)
FNF:1
FNH:1
FNDA:10,(anonymous_0)
DA:7,1
DA:8,10
LF:2
LH:2
BRDA:7,0,0,10
BRDA:9,1,0,10
BRDA:9,1,1,0
BRDA:12,2,0,10
BRDA:12,2,1,10
BRF:5
BRH:4
end_of_record
TN:
SF:src/js/common/components/Button/style.js
FN:1,(anonymous_0)
FNF:1
FNH:1
FNDA:1,(anonymous_0)
DA:1,1
LF:1
LH:1
BRF:0
BRH:0
end_of_record
TN:
SF:src/js/components/Header/index.js
FN:17,(anonymous_0)
FN:22,(anonymous_1)
FN:24,handleResize
FN:34,(anonymous_3)
FN:49,(anonymous_4)
FN:57,(anonymous_5)
FN:61,(anonymous_6)
FN:75,(anonymous_7)
FNF:8
FNH:4
FNDA:2,(anonymous_0)
FNDA:1,(anonymous_1)
FNDA:1,handleResize
FNDA:0,(anonymous_3)
FNDA:0,(anonymous_4)
FNDA:0,(anonymous_5)
FNDA:0,(anonymous_6)
FNDA:1,(anonymous_7)
DA:15,1
DA:17,1
DA:18,2
DA:19,2
DA:22,2
DA:25,1
DA:26,1
DA:27,1
DA:29,0
DA:32,1
DA:33,1
DA:34,1
DA:35,0
DA:40,2
DA:49,0
DA:57,0
DA:61,0
DA:75,1
DA:76,1
LF:19
LH:14
BRDA:26,0,0,1
BRDA:26,0,1,0
BRDA:49,1,0,2
BRDA:49,1,1,1
BRDA:55,2,0,1
BRDA:55,2,1,1
BRDA:55,3,0,0
BRDA:55,3,1,2
BRDA:57,4,0,2
BRDA:57,4,1,1
BRDA:63,5,0,2
BRDA:63,5,1,2
BRDA:64,6,0,2
BRDA:64,6,1,2
BRDA:65,7,0,2
BRDA:65,7,1,0
BRDA:66,8,0,2
BRDA:66,8,1,2
BRDA:77,9,0,1
BRDA:77,9,1,0
BRDA:78,10,0,1
BRDA:78,10,1,0
BRDA:78,11,0,1
BRDA:78,11,1,0
BRDA:78,12,0,0
BRDA:78,12,1,0
BRF:26
BRH:18
end_of_record
TN:
SF:src/js/components/Header/style.js
FN:1,(anonymous_0)
FNF:1
FNH:1
FNDA:1,(anonymous_0)
DA:1,1
LF:1
LH:1
BRF:0
BRH:0
end_of_record
